dic 10, 2024 12:44:50 PM com.mx.grupogateway.system.LoggerConfig config
INFORMACIÓN: Log de registro iniciado.
dic 10, 2024 1:03:19 PM com.mx.grupogateway.system.LoggerConfig config
INFORMACIÓN: Log de registro iniciado.
dic 10, 2024 1:18:45 PM com.mx.grupogateway.system.LoggerConfig config
INFORMACIÓN: Log de registro iniciado.
dic 10, 2024 1:32:36 PM com.mx.grupogateway.system.LoggerConfig config
INFORMACIÓN: Log de registro iniciado.
dic 10, 2024 2:08:14 PM com.mx.grupogateway.system.LoggerConfig config
INFORMACIÓN: Log de registro iniciado.
dic 10, 2024 2:08:54 PM com.mx.grupogateway.system.controller.ExcelController importData
GRAVE: Error: java.lang.Long cannot be cast to java.util.Optional
dic 10, 2024 2:11:02 PM com.mx.grupogateway.system.LoggerConfig config
INFORMACIÓN: Log de registro iniciado.
dic 10, 2024 2:22:13 PM com.mx.grupogateway.system.LoggerConfig config
INFORMACIÓN: Log de registro iniciado.
dic 13, 2024 4:41:28 PM com.mx.grupogateway.system.LoggerConfig config
INFORMACIÓN: Log de registro iniciado.
dic 13, 2024 4:47:40 PM com.mx.grupogateway.system.LoggerConfig config
INFORMACIÓN: Log de registro iniciado.
dic 13, 2024 4:52:34 PM com.mx.grupogateway.system.LoggerConfig config
INFORMACIÓN: Log de registro iniciado.
dic 13, 2024 4:56:02 PM com.mx.grupogateway.system.LoggerConfig config
INFORMACIÓN: Log de registro iniciado.
dic 13, 2024 5:00:39 PM com.mx.grupogateway.system.LoggerConfig config
INFORMACIÓN: Log de registro iniciado.
dic 13, 2024 5:03:33 PM com.mx.grupogateway.system.LoggerConfig config
INFORMACIÓN: Log de registro iniciado.
dic 13, 2024 5:38:14 PM com.mx.grupogateway.system.LoggerConfig config
INFORMACIÓN: Log de registro iniciado.
dic 13, 2024 5:44:21 PM com.mx.grupogateway.system.LoggerConfig config
INFORMACIÓN: Log de registro iniciado.
dic 13, 2024 5:45:52 PM com.mx.grupogateway.system.LoggerConfig config
INFORMACIÓN: Log de registro iniciado.
dic 13, 2024 5:49:43 PM com.mx.grupogateway.system.LoggerConfig config
INFORMACIÓN: Log de registro iniciado.
dic 13, 2024 5:57:54 PM com.mx.grupogateway.system.LoggerConfig config
INFORMACIÓN: Log de registro iniciado.
dic 14, 2024 2:06:09 PM com.mx.grupogateway.system.LoggerConfig config
INFORMACIÓN: Log de registro iniciado.
dic 14, 2024 2:11:40 PM com.mx.grupogateway.system.LoggerConfig config
INFORMACIÓN: Log de registro iniciado.
dic 14, 2024 3:21:29 PM com.mx.grupogateway.system.LoggerConfig config
INFORMACIÓN: Log de registro iniciado.
dic 14, 2024 3:26:12 PM com.mx.grupogateway.system.LoggerConfig config
INFORMACIÓN: Log de registro iniciado.
dic 14, 2024 3:39:31 PM com.mx.grupogateway.system.LoggerConfig config
INFORMACIÓN: Log de registro iniciado.
dic 14, 2024 3:42:20 PM com.mx.grupogateway.system.LoggerConfig config
INFORMACIÓN: Log de registro iniciado.
dic 14, 2024 4:53:01 PM com.mx.grupogateway.system.LoggerConfig config
INFORMACIÓN: Log de registro iniciado.
dic 14, 2024 4:54:31 PM com.mx.grupogateway.system.LoggerConfig config
INFORMACIÓN: Log de registro iniciado.
dic 14, 2024 5:07:18 PM com.mx.grupogateway.system.LoggerConfig config
INFORMACIÓN: Log de registro iniciado.
dic 14, 2024 5:09:51 PM com.mx.grupogateway.system.LoggerConfig config
INFORMACIÓN: Log de registro iniciado.
dic 14, 2024 5:30:15 PM com.mx.grupogateway.system.LoggerConfig config
INFORMACIÓN: Log de registro iniciado.
dic 14, 2024 5:32:23 PM com.mx.grupogateway.system.LoggerConfig config
INFORMACIÓN: Log de registro iniciado.
dic 14, 2024 7:05:08 PM com.mx.grupogateway.system.LoggerConfig config
INFORMACIÓN: Log de registro iniciado.
dic 14, 2024 7:06:25 PM com.mx.grupogateway.system.LoggerConfig config
INFORMACIÓN: Log de registro iniciado.
dic 14, 2024 7:31:18 PM com.mx.grupogateway.system.LoggerConfig config
INFORMACIÓN: Log de registro iniciado.
dic 14, 2024 7:33:37 PM com.mx.grupogateway.system.LoggerConfig config
INFORMACIÓN: Log de registro iniciado.
dic 14, 2024 7:37:45 PM com.mx.grupogateway.system.LoggerConfig config
INFORMACIÓN: Log de registro iniciado.
dic 14, 2024 7:49:35 PM com.mx.grupogateway.system.LoggerConfig config
INFORMACIÓN: Log de registro iniciado.
dic 14, 2024 7:55:27 PM com.mx.grupogateway.system.LoggerConfig config
INFORMACIÓN: Log de registro iniciado.
dic 14, 2024 7:57:07 PM com.mx.grupogateway.system.LoggerConfig config
INFORMACIÓN: Log de registro iniciado.
dic 14, 2024 7:59:44 PM com.mx.grupogateway.system.LoggerConfig config
INFORMACIÓN: Log de registro iniciado.
dic 14, 2024 8:04:02 PM com.mx.grupogateway.system.LoggerConfig config
INFORMACIÓN: Log de registro iniciado.
dic 14, 2024 8:35:02 PM com.mx.grupogateway.system.LoggerConfig config
INFORMACIÓN: Log de registro iniciado.
dic 14, 2024 8:36:22 PM com.mx.grupogateway.system.LoggerConfig config
INFORMACIÓN: Log de registro iniciado.
dic 14, 2024 8:37:38 PM com.mx.grupogateway.system.LoggerConfig config
INFORMACIÓN: Log de registro iniciado.
dic 14, 2024 8:39:48 PM com.mx.grupogateway.system.LoggerConfig config
INFORMACIÓN: Log de registro iniciado.
dic 14, 2024 8:44:05 PM com.mx.grupogateway.system.LoggerConfig config
INFORMACIÓN: Log de registro iniciado.
dic 14, 2024 8:45:53 PM com.mx.grupogateway.system.LoggerConfig config
INFORMACIÓN: Log de registro iniciado.
dic 14, 2024 8:49:57 PM com.mx.grupogateway.system.LoggerConfig config
INFORMACIÓN: Log de registro iniciado.
dic 14, 2024 8:52:29 PM com.mx.grupogateway.system.LoggerConfig config
INFORMACIÓN: Log de registro iniciado.
dic 14, 2024 8:56:34 PM com.mx.grupogateway.system.LoggerConfig config
INFORMACIÓN: Log de registro iniciado.
dic 14, 2024 9:02:38 PM com.mx.grupogateway.system.LoggerConfig config
INFORMACIÓN: Log de registro iniciado.
dic 15, 2024 11:52:00 AM com.mx.grupogateway.system.LoggerConfig config
INFORMACIÓN: Log de registro iniciado.
dic 15, 2024 11:53:05 AM com.mx.grupogateway.system.LoggerConfig config
INFORMACIÓN: Log de registro iniciado.
dic 15, 2024 11:57:51 AM com.mx.grupogateway.system.LoggerConfig config
INFORMACIÓN: Log de registro iniciado.
dic 15, 2024 11:59:38 AM com.mx.grupogateway.system.LoggerConfig config
INFORMACIÓN: Log de registro iniciado.
dic 15, 2024 12:02:12 PM com.mx.grupogateway.system.LoggerConfig config
INFORMACIÓN: Log de registro iniciado.
dic 15, 2024 12:17:03 PM com.mx.grupogateway.system.LoggerConfig config
INFORMACIÓN: Log de registro iniciado.
dic 15, 2024 12:20:21 PM com.mx.grupogateway.system.LoggerConfig config
INFORMACIÓN: Log de registro iniciado.
dic 15, 2024 12:23:28 PM com.mx.grupogateway.system.LoggerConfig config
INFORMACIÓN: Log de registro iniciado.
dic 15, 2024 12:24:50 PM com.mx.grupogateway.system.LoggerConfig config
INFORMACIÓN: Log de registro iniciado.
dic 15, 2024 12:30:40 PM com.mx.grupogateway.system.LoggerConfig config
INFORMACIÓN: Log de registro iniciado.
dic 15, 2024 12:46:39 PM com.mx.grupogateway.system.LoggerConfig config
INFORMACIÓN: Log de registro iniciado.
dic 15, 2024 12:59:41 PM com.mx.grupogateway.system.LoggerConfig config
INFORMACIÓN: Log de registro iniciado.
dic 15, 2024 1:01:52 PM com.mx.grupogateway.system.LoggerConfig config
INFORMACIÓN: Log de registro iniciado.
dic 15, 2024 1:02:57 PM com.mx.grupogateway.system.LoggerConfig config
INFORMACIÓN: Log de registro iniciado.
dic 15, 2024 1:12:39 PM com.mx.grupogateway.system.LoggerConfig config
INFORMACIÓN: Log de registro iniciado.
dic 15, 2024 1:34:51 PM com.mx.grupogateway.system.LoggerConfig config
INFORMACIÓN: Log de registro iniciado.
dic 15, 2024 1:38:35 PM com.mx.grupogateway.system.LoggerConfig config
INFORMACIÓN: Log de registro iniciado.
dic 15, 2024 1:49:22 PM com.mx.grupogateway.system.LoggerConfig config
INFORMACIÓN: Log de registro iniciado.
dic 15, 2024 1:52:38 PM com.mx.grupogateway.system.LoggerConfig config
INFORMACIÓN: Log de registro iniciado.
dic 15, 2024 1:53:22 PM com.mx.grupogateway.system.LoggerConfig config
INFORMACIÓN: Log de registro iniciado.
dic 15, 2024 1:55:13 PM com.mx.grupogateway.system.LoggerConfig config
INFORMACIÓN: Log de registro iniciado.
dic 15, 2024 1:56:24 PM com.mx.grupogateway.system.LoggerConfig config
INFORMACIÓN: Log de registro iniciado.
dic 15, 2024 2:13:17 PM com.mx.grupogateway.system.LoggerConfig config
INFORMACIÓN: Log de registro iniciado.
dic 15, 2024 2:13:29 PM com.mx.grupogateway.system.LoggerConfig config
INFORMACIÓN: Log de registro iniciado.
dic 15, 2024 2:21:22 PM com.mx.grupogateway.system.LoggerConfig config
INFORMACIÓN: Log de registro iniciado.
dic 15, 2024 2:23:37 PM com.mx.grupogateway.system.LoggerConfig config
INFORMACIÓN: Log de registro iniciado.
dic 15, 2024 2:25:02 PM com.mx.grupogateway.system.LoggerConfig config
INFORMACIÓN: Log de registro iniciado.
dic 15, 2024 2:26:44 PM com.mx.grupogateway.system.LoggerConfig config
INFORMACIÓN: Log de registro iniciado.
dic 15, 2024 2:27:45 PM com.mx.grupogateway.system.LoggerConfig config
INFORMACIÓN: Log de registro iniciado.
dic 15, 2024 4:33:05 PM com.mx.grupogateway.system.LoggerConfig config
INFORMACIÓN: Log de registro iniciado.
dic 15, 2024 4:34:32 PM com.mx.grupogateway.system.LoggerConfig config
INFORMACIÓN: Log de registro iniciado.
dic 15, 2024 4:36:50 PM com.mx.grupogateway.system.LoggerConfig config
INFORMACIÓN: Log de registro iniciado.
dic 15, 2024 4:40:36 PM com.mx.grupogateway.system.LoggerConfig config
INFORMACIÓN: Log de registro iniciado.
dic 15, 2024 4:43:55 PM com.mx.grupogateway.system.LoggerConfig config
INFORMACIÓN: Log de registro iniciado.
dic 15, 2024 4:46:28 PM com.mx.grupogateway.system.LoggerConfig config
INFORMACIÓN: Log de registro iniciado.
dic 15, 2024 4:54:53 PM com.mx.grupogateway.system.LoggerConfig config
INFORMACIÓN: Log de registro iniciado.
dic 15, 2024 5:40:21 PM com.mx.grupogateway.system.LoggerConfig config
INFORMACIÓN: Log de registro iniciado.
dic 15, 2024 5:45:55 PM com.mx.grupogateway.system.LoggerConfig config
INFORMACIÓN: Log de registro iniciado.
dic 15, 2024 5:49:19 PM com.mx.grupogateway.system.LoggerConfig config
INFORMACIÓN: Log de registro iniciado.
dic 15, 2024 5:51:35 PM com.mx.grupogateway.system.LoggerConfig config
INFORMACIÓN: Log de registro iniciado.
dic 15, 2024 5:58:49 PM com.mx.grupogateway.system.LoggerConfig config
INFORMACIÓN: Log de registro iniciado.
dic 15, 2024 6:02:33 PM com.mx.grupogateway.system.LoggerConfig config
INFORMACIÓN: Log de registro iniciado.
dic 15, 2024 6:04:39 PM com.mx.grupogateway.system.LoggerConfig config
INFORMACIÓN: Log de registro iniciado.
dic 15, 2024 6:06:42 PM com.mx.grupogateway.system.LoggerConfig config
INFORMACIÓN: Log de registro iniciado.
dic 15, 2024 6:09:09 PM com.mx.grupogateway.system.LoggerConfig config
INFORMACIÓN: Log de registro iniciado.
dic 15, 2024 6:09:59 PM com.mx.grupogateway.system.LoggerConfig config
INFORMACIÓN: Log de registro iniciado.
dic 15, 2024 6:27:57 PM com.mx.grupogateway.system.LoggerConfig config
INFORMACIÓN: Log de registro iniciado.
dic 15, 2024 6:29:10 PM com.mx.grupogateway.system.LoggerConfig config
INFORMACIÓN: Log de registro iniciado.
dic 15, 2024 6:33:03 PM com.mx.grupogateway.system.LoggerConfig config
INFORMACIÓN: Log de registro iniciado.
dic 15, 2024 6:36:44 PM com.mx.grupogateway.system.LoggerConfig config
INFORMACIÓN: Log de registro iniciado.
dic 15, 2024 6:45:04 PM com.mx.grupogateway.system.LoggerConfig config
INFORMACIÓN: Log de registro iniciado.
